\BOOKMARK [1][-]{section.1}{\376\377\000P\000I\000D\143\247\122\066\164\006\213\272}{}% 1
\BOOKMARK [2][-]{subsection.1.1}{\376\377\213\357\135\356\116\016\225\355\163\257\166\204\127\372\147\054\220\073\217\221}{section.1}% 2
\BOOKMARK [2][-]{subsection.1.2}{\376\377\153\324\117\213\230\171\000\040\000P}{section.1}% 3
\BOOKMARK [2][-]{subsection.1.3}{\376\377\171\357\122\006\230\171\000\040\000I}{section.1}% 4
\BOOKMARK [2][-]{subsection.1.4}{\376\377\137\256\122\006\230\171\000\040\000D}{section.1}% 5
\BOOKMARK [2][-]{subsection.1.5}{\376\377\147\054\213\276\213\241\221\307\165\050\000P\000I\000D\166\204\122\250\147\072}{section.1}% 6
\BOOKMARK [1][-]{section.2}{\376\377\152\041\142\337\165\065\215\357\213\276\213\241}{}% 7
\BOOKMARK [2][-]{subsection.2.1}{\376\377\153\324\117\213\163\257\202\202\000\040\000P}{section.2}% 8
\BOOKMARK [2][-]{subsection.2.2}{\376\377\171\357\122\006\163\257\202\202\000\040\000I}{section.2}% 9
\BOOKMARK [3][-]{subsubsection.2.2.1}{\376\377\000P\000I\143\247\122\066\126\150}{subsection.2.2}% 10
\BOOKMARK [2][-]{subsection.2.3}{\376\377\137\256\122\006\163\257\202\202\000\040\000D\000\040}{section.2}% 11
\BOOKMARK [2][-]{subsection.2.4}{\376\377\000P\000I\000D\143\247\122\066\126\150\213\276\213\241}{section.2}% 12
\BOOKMARK [3][-]{subsubsection.2.4.1}{\376\377\000P\000I\000D\143\247\122\066\126\150\166\204\117\040\220\022\121\375\145\160}{subsection.2.4}% 13
\BOOKMARK [3][-]{subsubsection.2.4.2}{\376\377\165\065\215\357\176\323\147\204\116\016\123\302\145\160\213\276\213\241}{subsection.2.4}% 14
\BOOKMARK [3][-]{subsubsection.2.4.3}{\376\377\121\103\126\150\116\366\220\011\127\213}{subsection.2.4}% 15
\BOOKMARK [3][-]{subsubsection.2.4.4}{\376\377\123\302\145\160\213\241\173\227}{subsection.2.4}% 16
\BOOKMARK [3][-]{subsubsection.2.4.5}{\376\377\000P\000S\000p\000i\000c\000e\116\377\167\037\232\214\213\301}{subsection.2.4}% 17
\BOOKMARK [1][-]{section.3}{\376\377\176\323\213\272}{}% 18
\BOOKMARK [2][-]{subsection.3.1}{\376\377\213\276\213\241\117\030\122\277}{section.3}% 19
\BOOKMARK [2][-]{subsection.3.2}{\376\377\213\276\213\241\116\015\215\263}{section.3}% 20
\BOOKMARK [2][-]{subsection.3.3}{\376\377\147\052\147\145\145\071\217\333\145\271\124\021}{section.3}% 21
